Added Component: Designator=l?(lora sx1278)
Added Component: Designator=LED?(LED-5-RED)
Added Component: Designator=LED?(LED-5-RED)
Added Component: Designator=P?(HDR1X4)
Added Component: Designator=R?(R1/4W)
Added Component: Designator=R?(R1/4W)
Added Component: Designator=stm32?(40chan)
Added Pin To Net: NetName=3V3 Pin=l?-7
Added Pin To Net: NetName=3V3 Pin=stm32?-40
Added Net: Name=3V3
Added Pin To Net: NetName=GND Pin=l?-1
Added Pin To Net: NetName=GND Pin=l?-2
Added Pin To Net: NetName=GND Pin=l?-6
Added Pin To Net: NetName=GND Pin=LED?-2
Added Pin To Net: NetName=GND Pin=LED?-2
Added Pin To Net: NetName=GND Pin=P?-1
Added Pin To Net: NetName=GND Pin=stm32?-39
Added Net: Name=GND
Added Pin To Net: NetName=Netl?_3 Pin=l?-3
Added Pin To Net: NetName=Netl?_3 Pin=stm32?-7
Added Net: Name=Netl?_3
Added Pin To Net: NetName=Netl?_4 Pin=l?-4
Added Pin To Net: NetName=Netl?_4 Pin=stm32?-8
Added Net: Name=Netl?_4
Added Pin To Net: NetName=NetLED?_1 Pin=LED?-1
Added Pin To Net: NetName=NetLED?_1 Pin=R?-2
Added Net: Name=NetLED?_1
Added Pin To Net: NetName=NetP?_2 Pin=P?-2
Added Pin To Net: NetName=NetP?_2 Pin=stm32?-38
Added Net: Name=NetP?_2
Added Pin To Net: NetName=NetP?_3 Pin=P?-3
Added Pin To Net: NetName=NetP?_3 Pin=stm32?-27
Added Net: Name=NetP?_3
Added Pin To Net: NetName=NetP?_4 Pin=P?-4
Added Pin To Net: NetName=NetP?_4 Pin=stm32?-26
Added Net: Name=NetP?_4
Added Pin To Net: NetName=NetR?_1 Pin=R?-1
Added Pin To Net: NetName=NetR?_1 Pin=stm32?-21
Added Net: Name=NetR?_1
Added Class: Name=nutnhanguyen ly
Added Room: Name=nutnhanguyen ly
